Performing C SOURCE FILE Test CMAKE_HAVE_LIBC_PTHREAD failed with the following output:
Change Dir: /home/smallville7123/AndroidCompositor/app/src/main/jni/GLIS/debug_BUILD/CMakeFiles/CMakeTmp

Run Build Command(s):/usr/bin/make cmTC_ed5ca/fast && make[2]: Entering directory '/home/smallville7123/AndroidCompositor/app/src/main/jni/GLIS/debug_BUILD/CMakeFiles/CMakeTmp'
/usr/bin/make -f CMakeFiles/cmTC_ed5ca.dir/build.make CMakeFiles/cmTC_ed5ca.dir/build
make[3]: Entering directory '/home/smallville7123/AndroidCompositor/app/src/main/jni/GLIS/debug_BUILD/CMakeFiles/CMakeTmp'
Building C object CMakeFiles/cmTC_ed5ca.dir/src.c.o
/usr/bin/cc   -DCMAKE_HAVE_LIBC_PTHREAD   -o CMakeFiles/cmTC_ed5ca.dir/src.c.o   -c /home/smallville7123/AndroidCompositor/app/src/main/jni/GLIS/debug_BUILD/CMakeFiles/CMakeTmp/src.c
Linking C executable cmTC_ed5ca
/usr/bin/cmake -E cmake_link_script CMakeFiles/cmTC_ed5ca.dir/link.txt --verbose=1
/usr/bin/cc  -DCMAKE_HAVE_LIBC_PTHREAD    -rdynamic CMakeFiles/cmTC_ed5ca.dir/src.c.o  -o cmTC_ed5ca 
/usr/bin/ld: CMakeFiles/cmTC_ed5ca.dir/src.c.o: in function `main':
src.c:(.text+0x46): undefined reference to `pthread_create'
/usr/bin/ld: src.c:(.text+0x52): undefined reference to `pthread_detach'
/usr/bin/ld: src.c:(.text+0x63): undefined reference to `pthread_join'
collect2: error: ld returned 1 exit status
make[3]: *** [CMakeFiles/cmTC_ed5ca.dir/build.make:87: cmTC_ed5ca] Error 1
make[3]: Leaving directory '/home/smallville7123/AndroidCompositor/app/src/main/jni/GLIS/debug_BUILD/CMakeFiles/CMakeTmp'
make[2]: *** [Makefile:121: cmTC_ed5ca/fast] Error 2
make[2]: Leaving directory '/home/smallville7123/AndroidCompositor/app/src/main/jni/GLIS/debug_BUILD/CMakeFiles/CMakeTmp'


Source file was:
#include <pthread.h>

void* test_func(void* data)
{
  return data;
}

int main(void)
{
  pthread_t thread;
  pthread_create(&thread, NULL, test_func, NULL);
  pthread_detach(thread);
  pthread_join(thread, NULL);
  pthread_atfork(NULL, NULL, NULL);
  pthread_exit(NULL);

  return 0;
}

Determining if the function pthread_create exists in the pthreads failed with the following output:
Change Dir: /home/smallville7123/AndroidCompositor/app/src/main/jni/GLIS/debug_BUILD/CMakeFiles/CMakeTmp

Run Build Command(s):/usr/bin/make cmTC_bd5e5/fast && make[2]: Entering directory '/home/smallville7123/AndroidCompositor/app/src/main/jni/GLIS/debug_BUILD/CMakeFiles/CMakeTmp'
/usr/bin/make -f CMakeFiles/cmTC_bd5e5.dir/build.make CMakeFiles/cmTC_bd5e5.dir/build
make[3]: Entering directory '/home/smallville7123/AndroidCompositor/app/src/main/jni/GLIS/debug_BUILD/CMakeFiles/CMakeTmp'
Building C object CMakeFiles/cmTC_bd5e5.dir/CheckFunctionExists.c.o
/usr/bin/cc   -DCHECK_FUNCTION_EXISTS=pthread_create   -o CMakeFiles/cmTC_bd5e5.dir/CheckFunctionExists.c.o   -c /usr/share/cmake-3.16/Modules/CheckFunctionExists.c
Linking C executable cmTC_bd5e5
/usr/bin/cmake -E cmake_link_script CMakeFiles/cmTC_bd5e5.dir/link.txt --verbose=1
/usr/bin/cc  -DCHECK_FUNCTION_EXISTS=pthread_create    -rdynamic CMakeFiles/cmTC_bd5e5.dir/CheckFunctionExists.c.o  -o cmTC_bd5e5  -lpthreads 
/usr/bin/ld: cannot find -lpthreads
collect2: error: ld returned 1 exit status
make[3]: *** [CMakeFiles/cmTC_bd5e5.dir/build.make:87: cmTC_bd5e5] Error 1
make[3]: Leaving directory '/home/smallville7123/AndroidCompositor/app/src/main/jni/GLIS/debug_BUILD/CMakeFiles/CMakeTmp'
make[2]: *** [Makefile:121: cmTC_bd5e5/fast] Error 2
make[2]: Leaving directory '/home/smallville7123/AndroidCompositor/app/src/main/jni/GLIS/debug_BUILD/CMakeFiles/CMakeTmp'



Determining if the function __android_log_print exists in the log failed with the following output:
Change Dir: /home/smallville7123/AndroidCompositor/app/src/main/jni/GLIS/debug_BUILD/CMakeFiles/CMakeTmp

Run Build Command(s):/usr/bin/make cmTC_bfff9/fast && make[2]: Entering directory '/home/smallville7123/AndroidCompositor/app/src/main/jni/GLIS/debug_BUILD/CMakeFiles/CMakeTmp'
/usr/bin/make -f CMakeFiles/cmTC_bfff9.dir/build.make CMakeFiles/cmTC_bfff9.dir/build
make[3]: Entering directory '/home/smallville7123/AndroidCompositor/app/src/main/jni/GLIS/debug_BUILD/CMakeFiles/CMakeTmp'
Building C object CMakeFiles/cmTC_bfff9.dir/CheckFunctionExists.c.o
/usr/bin/cc   -DCHECK_FUNCTION_EXISTS=__android_log_print   -o CMakeFiles/cmTC_bfff9.dir/CheckFunctionExists.c.o   -c /usr/share/cmake-3.16/Modules/CheckFunctionExists.c
Linking C executable cmTC_bfff9
/usr/bin/cmake -E cmake_link_script CMakeFiles/cmTC_bfff9.dir/link.txt --verbose=1
/usr/bin/cc  -DCHECK_FUNCTION_EXISTS=__android_log_print    -rdynamic CMakeFiles/cmTC_bfff9.dir/CheckFunctionExists.c.o  -o cmTC_bfff9  -llog -latomic 
/usr/bin/ld: cannot find -llog
collect2: error: ld returned 1 exit status
make[3]: *** [CMakeFiles/cmTC_bfff9.dir/build.make:87: cmTC_bfff9] Error 1
make[3]: Leaving directory '/home/smallville7123/AndroidCompositor/app/src/main/jni/GLIS/debug_BUILD/CMakeFiles/CMakeTmp'
make[2]: *** [Makefile:121: cmTC_bfff9/fast] Error 2
make[2]: Leaving directory '/home/smallville7123/AndroidCompositor/app/src/main/jni/GLIS/debug_BUILD/CMakeFiles/CMakeTmp'



Performing C SOURCE FILE Test HAVE_MFPU_NEON_SWITCH failed with the following output:
Change Dir: /home/smallville7123/AndroidCompositor/app/src/main/jni/GLIS/debug_BUILD/CMakeFiles/CMakeTmp

Run Build Command(s):/usr/bin/make cmTC_a4f52/fast && make[2]: Entering directory '/home/smallville7123/AndroidCompositor/app/src/main/jni/GLIS/debug_BUILD/CMakeFiles/CMakeTmp'
/usr/bin/make -f CMakeFiles/cmTC_a4f52.dir/build.make CMakeFiles/cmTC_a4f52.dir/build
make[3]: Entering directory '/home/smallville7123/AndroidCompositor/app/src/main/jni/GLIS/debug_BUILD/CMakeFiles/CMakeTmp'
Building C object CMakeFiles/cmTC_a4f52.dir/src.c.o
/usr/bin/cc   -DHAVE_MFPU_NEON_SWITCH  -Werror   -mfpu=neon -o CMakeFiles/cmTC_a4f52.dir/src.c.o   -c /home/smallville7123/AndroidCompositor/app/src/main/jni/GLIS/debug_BUILD/CMakeFiles/CMakeTmp/src.c
cc: error: unrecognized command line option '-mfpu=neon'
make[3]: *** [CMakeFiles/cmTC_a4f52.dir/build.make:66: CMakeFiles/cmTC_a4f52.dir/src.c.o] Error 1
make[3]: Leaving directory '/home/smallville7123/AndroidCompositor/app/src/main/jni/GLIS/debug_BUILD/CMakeFiles/CMakeTmp'
make[2]: *** [Makefile:121: cmTC_a4f52/fast] Error 2
make[2]: Leaving directory '/home/smallville7123/AndroidCompositor/app/src/main/jni/GLIS/debug_BUILD/CMakeFiles/CMakeTmp'


Source file was:
int main(void) { return 0; }
Determining if the include file arm_neon.h exists failed with the following output:
Change Dir: /home/smallville7123/AndroidCompositor/app/src/main/jni/GLIS/debug_BUILD/CMakeFiles/CMakeTmp

Run Build Command(s):/usr/bin/make cmTC_9f897/fast && make[2]: Entering directory '/home/smallville7123/AndroidCompositor/app/src/main/jni/GLIS/debug_BUILD/CMakeFiles/CMakeTmp'
/usr/bin/make -f CMakeFiles/cmTC_9f897.dir/build.make CMakeFiles/cmTC_9f897.dir/build
make[3]: Entering directory '/home/smallville7123/AndroidCompositor/app/src/main/jni/GLIS/debug_BUILD/CMakeFiles/CMakeTmp'
Building C object CMakeFiles/cmTC_9f897.dir/CheckIncludeFile.c.o
/usr/bin/cc    -o CMakeFiles/cmTC_9f897.dir/CheckIncludeFile.c.o   -c /home/smallville7123/AndroidCompositor/app/src/main/jni/GLIS/debug_BUILD/CMakeFiles/CMakeTmp/CheckIncludeFile.c
/home/smallville7123/AndroidCompositor/app/src/main/jni/GLIS/debug_BUILD/CMakeFiles/CMakeTmp/CheckIncludeFile.c:1:10: fatal error: arm_neon.h: No such file or directory
    1 | #include <arm_neon.h>
      |          ^~~~~~~~~~~~
compilation terminated.
make[3]: *** [CMakeFiles/cmTC_9f897.dir/build.make:66: CMakeFiles/cmTC_9f897.dir/CheckIncludeFile.c.o] Error 1
make[3]: Leaving directory '/home/smallville7123/AndroidCompositor/app/src/main/jni/GLIS/debug_BUILD/CMakeFiles/CMakeTmp'
make[2]: *** [Makefile:121: cmTC_9f897/fast] Error 2
make[2]: Leaving directory '/home/smallville7123/AndroidCompositor/app/src/main/jni/GLIS/debug_BUILD/CMakeFiles/CMakeTmp'



Determining if the include file intrin.h exists failed with the following output:
Change Dir: /home/smallville7123/AndroidCompositor/app/src/main/jni/GLIS/debug_BUILD/CMakeFiles/CMakeTmp

Run Build Command(s):/usr/bin/make cmTC_93d22/fast && make[2]: Entering directory '/home/smallville7123/AndroidCompositor/app/src/main/jni/GLIS/debug_BUILD/CMakeFiles/CMakeTmp'
/usr/bin/make -f CMakeFiles/cmTC_93d22.dir/build.make CMakeFiles/cmTC_93d22.dir/build
make[3]: Entering directory '/home/smallville7123/AndroidCompositor/app/src/main/jni/GLIS/debug_BUILD/CMakeFiles/CMakeTmp'
Building C object CMakeFiles/cmTC_93d22.dir/CheckIncludeFile.c.o
/usr/bin/cc    -o CMakeFiles/cmTC_93d22.dir/CheckIncludeFile.c.o   -c /home/smallville7123/AndroidCompositor/app/src/main/jni/GLIS/debug_BUILD/CMakeFiles/CMakeTmp/CheckIncludeFile.c
/home/smallville7123/AndroidCompositor/app/src/main/jni/GLIS/debug_BUILD/CMakeFiles/CMakeTmp/CheckIncludeFile.c:1:10: fatal error: intrin.h: No such file or directory
    1 | #include <intrin.h>
      |          ^~~~~~~~~~
compilation terminated.
make[3]: *** [CMakeFiles/cmTC_93d22.dir/build.make:66: CMakeFiles/cmTC_93d22.dir/CheckIncludeFile.c.o] Error 1
make[3]: Leaving directory '/home/smallville7123/AndroidCompositor/app/src/main/jni/GLIS/debug_BUILD/CMakeFiles/CMakeTmp'
make[2]: *** [Makefile:121: cmTC_93d22/fast] Error 2
make[2]: Leaving directory '/home/smallville7123/AndroidCompositor/app/src/main/jni/GLIS/debug_BUILD/CMakeFiles/CMakeTmp'



Determining if the include file guiddef.h exists failed with the following output:
Change Dir: /home/smallville7123/AndroidCompositor/app/src/main/jni/GLIS/debug_BUILD/CMakeFiles/CMakeTmp

Run Build Command(s):/usr/bin/make cmTC_96ca5/fast && make[2]: Entering directory '/home/smallville7123/AndroidCompositor/app/src/main/jni/GLIS/debug_BUILD/CMakeFiles/CMakeTmp'
/usr/bin/make -f CMakeFiles/cmTC_96ca5.dir/build.make CMakeFiles/cmTC_96ca5.dir/build
make[3]: Entering directory '/home/smallville7123/AndroidCompositor/app/src/main/jni/GLIS/debug_BUILD/CMakeFiles/CMakeTmp'
Building C object CMakeFiles/cmTC_96ca5.dir/CheckIncludeFile.c.o
/usr/bin/cc    -o CMakeFiles/cmTC_96ca5.dir/CheckIncludeFile.c.o   -c /home/smallville7123/AndroidCompositor/app/src/main/jni/GLIS/debug_BUILD/CMakeFiles/CMakeTmp/CheckIncludeFile.c
/home/smallville7123/AndroidCompositor/app/src/main/jni/GLIS/debug_BUILD/CMakeFiles/CMakeTmp/CheckIncludeFile.c:1:10: fatal error: guiddef.h: No such file or directory
    1 | #include <guiddef.h>
      |          ^~~~~~~~~~~
compilation terminated.
make[3]: *** [CMakeFiles/cmTC_96ca5.dir/build.make:66: CMakeFiles/cmTC_96ca5.dir/CheckIncludeFile.c.o] Error 1
make[3]: Leaving directory '/home/smallville7123/AndroidCompositor/app/src/main/jni/GLIS/debug_BUILD/CMakeFiles/CMakeTmp'
make[2]: *** [Makefile:121: cmTC_96ca5/fast] Error 2
make[2]: Leaving directory '/home/smallville7123/AndroidCompositor/app/src/main/jni/GLIS/debug_BUILD/CMakeFiles/CMakeTmp'



Determining if the include file initguid.h exists failed with the following output:
Change Dir: /home/smallville7123/AndroidCompositor/app/src/main/jni/GLIS/debug_BUILD/CMakeFiles/CMakeTmp

Run Build Command(s):/usr/bin/make cmTC_2ff3c/fast && make[2]: Entering directory '/home/smallville7123/AndroidCompositor/app/src/main/jni/GLIS/debug_BUILD/CMakeFiles/CMakeTmp'
/usr/bin/make -f CMakeFiles/cmTC_2ff3c.dir/build.make CMakeFiles/cmTC_2ff3c.dir/build
make[3]: Entering directory '/home/smallville7123/AndroidCompositor/app/src/main/jni/GLIS/debug_BUILD/CMakeFiles/CMakeTmp'
Building C object CMakeFiles/cmTC_2ff3c.dir/CheckIncludeFile.c.o
/usr/bin/cc    -o CMakeFiles/cmTC_2ff3c.dir/CheckIncludeFile.c.o   -c /home/smallville7123/AndroidCompositor/app/src/main/jni/GLIS/debug_BUILD/CMakeFiles/CMakeTmp/CheckIncludeFile.c
/home/smallville7123/AndroidCompositor/app/src/main/jni/GLIS/debug_BUILD/CMakeFiles/CMakeTmp/CheckIncludeFile.c:1:10: fatal error: initguid.h: No such file or directory
    1 | #include <initguid.h>
      |          ^~~~~~~~~~~~
compilation terminated.
make[3]: *** [CMakeFiles/cmTC_2ff3c.dir/build.make:66: CMakeFiles/cmTC_2ff3c.dir/CheckIncludeFile.c.o] Error 1
make[3]: Leaving directory '/home/smallville7123/AndroidCompositor/app/src/main/jni/GLIS/debug_BUILD/CMakeFiles/CMakeTmp'
make[2]: *** [Makefile:121: cmTC_2ff3c/fast] Error 2
make[2]: Leaving directory '/home/smallville7123/AndroidCompositor/app/src/main/jni/GLIS/debug_BUILD/CMakeFiles/CMakeTmp'



Performing C++ SOURCE FILE Test HAVE_STD_ALIGNED_ALLOC failed with the following output:
Change Dir: /home/smallville7123/AndroidCompositor/app/src/main/jni/GLIS/debug_BUILD/CMakeFiles/CMakeTmp

Run Build Command(s):/usr/bin/make cmTC_b9d16/fast && make[2]: Entering directory '/home/smallville7123/AndroidCompositor/app/src/main/jni/GLIS/debug_BUILD/CMakeFiles/CMakeTmp'
/usr/bin/make -f CMakeFiles/cmTC_b9d16.dir/build.make CMakeFiles/cmTC_b9d16.dir/build
make[3]: Entering directory '/home/smallville7123/AndroidCompositor/app/src/main/jni/GLIS/debug_BUILD/CMakeFiles/CMakeTmp'
Building CXX object CMakeFiles/cmTC_b9d16.dir/src.cxx.o
/usr/bin/c++    -DHAVE_STD_ALIGNED_ALLOC   -o CMakeFiles/cmTC_b9d16.dir/src.cxx.o -c /home/smallville7123/AndroidCompositor/app/src/main/jni/GLIS/debug_BUILD/CMakeFiles/CMakeTmp/src.cxx
/home/smallville7123/AndroidCompositor/app/src/main/jni/GLIS/debug_BUILD/CMakeFiles/CMakeTmp/src.cxx: In function ‘int main()’:
/home/smallville7123/AndroidCompositor/app/src/main/jni/GLIS/debug_BUILD/CMakeFiles/CMakeTmp/src.cxx:4:20: error: ‘aligned_alloc’ is not a member of ‘std’; did you mean ‘aligned_alloc’?
    4 |     void *ptr{std::aligned_alloc(alignof(int), sizeof(int))};
      |                    ^~~~~~~~~~~~~
In file included from /usr/include/c++/9/cstdlib:75,
                 from /home/smallville7123/AndroidCompositor/app/src/main/jni/GLIS/debug_BUILD/CMakeFiles/CMakeTmp/src.cxx:1:
/usr/include/stdlib.h:586:14: note: ‘aligned_alloc’ declared here
  586 | extern void *aligned_alloc (size_t __alignment, size_t __size)
      |              ^~~~~~~~~~~~~
make[3]: *** [CMakeFiles/cmTC_b9d16.dir/build.make:66: CMakeFiles/cmTC_b9d16.dir/src.cxx.o] Error 1
make[3]: Leaving directory '/home/smallville7123/AndroidCompositor/app/src/main/jni/GLIS/debug_BUILD/CMakeFiles/CMakeTmp'
make[2]: *** [Makefile:121: cmTC_b9d16/fast] Error 2
make[2]: Leaving directory '/home/smallville7123/AndroidCompositor/app/src/main/jni/GLIS/debug_BUILD/CMakeFiles/CMakeTmp'


Source file was:
#include <cstdlib>
int main()
{
    void *ptr{std::aligned_alloc(alignof(int), sizeof(int))};
    std::free(ptr);
    return 0;
}
Determining if the _aligned_malloc exist failed with the following output:
Change Dir: /home/smallville7123/AndroidCompositor/app/src/main/jni/GLIS/debug_BUILD/CMakeFiles/CMakeTmp

Run Build Command(s):/usr/bin/make cmTC_2dc9d/fast && make[2]: Entering directory '/home/smallville7123/AndroidCompositor/app/src/main/jni/GLIS/debug_BUILD/CMakeFiles/CMakeTmp'
/usr/bin/make -f CMakeFiles/cmTC_2dc9d.dir/build.make CMakeFiles/cmTC_2dc9d.dir/build
make[3]: Entering directory '/home/smallville7123/AndroidCompositor/app/src/main/jni/GLIS/debug_BUILD/CMakeFiles/CMakeTmp'
Building C object CMakeFiles/cmTC_2dc9d.dir/CheckSymbolExists.c.o
/usr/bin/cc    -o CMakeFiles/cmTC_2dc9d.dir/CheckSymbolExists.c.o   -c /home/smallville7123/AndroidCompositor/app/src/main/jni/GLIS/debug_BUILD/CMakeFiles/CMakeTmp/CheckSymbolExists.c
/home/smallville7123/AndroidCompositor/app/src/main/jni/GLIS/debug_BUILD/CMakeFiles/CMakeTmp/CheckSymbolExists.c: In function ‘main’:
/home/smallville7123/AndroidCompositor/app/src/main/jni/GLIS/debug_BUILD/CMakeFiles/CMakeTmp/CheckSymbolExists.c:8:19: error: ‘_aligned_malloc’ undeclared (first use in this function)
    8 |   return ((int*)(&_aligned_malloc))[argc];
      |                   ^~~~~~~~~~~~~~~
/home/smallville7123/AndroidCompositor/app/src/main/jni/GLIS/debug_BUILD/CMakeFiles/CMakeTmp/CheckSymbolExists.c:8:19: note: each undeclared identifier is reported only once for each function it appears in
make[3]: *** [CMakeFiles/cmTC_2dc9d.dir/build.make:66: CMakeFiles/cmTC_2dc9d.dir/CheckSymbolExists.c.o] Error 1
make[3]: Leaving directory '/home/smallville7123/AndroidCompositor/app/src/main/jni/GLIS/debug_BUILD/CMakeFiles/CMakeTmp'
make[2]: *** [Makefile:121: cmTC_2dc9d/fast] Error 2
make[2]: Leaving directory '/home/smallville7123/AndroidCompositor/app/src/main/jni/GLIS/debug_BUILD/CMakeFiles/CMakeTmp'


File /home/smallville7123/AndroidCompositor/app/src/main/jni/GLIS/debug_BUILD/CMakeFiles/CMakeTmp/CheckSymbolExists.c:
/* */
#include <malloc.h>

int main(int argc, char** argv)
{
  (void)argv;
#ifndef _aligned_malloc
  return ((int*)(&_aligned_malloc))[argc];
#else
  (void)argc;
  return 0;
#endif
}
Determining if the proc_pidpath exist failed with the following output:
Change Dir: /home/smallville7123/AndroidCompositor/app/src/main/jni/GLIS/debug_BUILD/CMakeFiles/CMakeTmp

Run Build Command(s):/usr/bin/make cmTC_49c5a/fast && make[2]: Entering directory '/home/smallville7123/AndroidCompositor/app/src/main/jni/GLIS/debug_BUILD/CMakeFiles/CMakeTmp'
/usr/bin/make -f CMakeFiles/cmTC_49c5a.dir/build.make CMakeFiles/cmTC_49c5a.dir/build
make[3]: Entering directory '/home/smallville7123/AndroidCompositor/app/src/main/jni/GLIS/debug_BUILD/CMakeFiles/CMakeTmp'
Building C object CMakeFiles/cmTC_49c5a.dir/CheckSymbolExists.c.o
/usr/bin/cc    -o CMakeFiles/cmTC_49c5a.dir/CheckSymbolExists.c.o   -c /home/smallville7123/AndroidCompositor/app/src/main/jni/GLIS/debug_BUILD/CMakeFiles/CMakeTmp/CheckSymbolExists.c
/home/smallville7123/AndroidCompositor/app/src/main/jni/GLIS/debug_BUILD/CMakeFiles/CMakeTmp/CheckSymbolExists.c:2:10: fatal error: libproc.h: No such file or directory
    2 | #include <libproc.h>
      |          ^~~~~~~~~~~
compilation terminated.
make[3]: *** [CMakeFiles/cmTC_49c5a.dir/build.make:66: CMakeFiles/cmTC_49c5a.dir/CheckSymbolExists.c.o] Error 1
make[3]: Leaving directory '/home/smallville7123/AndroidCompositor/app/src/main/jni/GLIS/debug_BUILD/CMakeFiles/CMakeTmp'
make[2]: *** [Makefile:121: cmTC_49c5a/fast] Error 2
make[2]: Leaving directory '/home/smallville7123/AndroidCompositor/app/src/main/jni/GLIS/debug_BUILD/CMakeFiles/CMakeTmp'


File /home/smallville7123/AndroidCompositor/app/src/main/jni/GLIS/debug_BUILD/CMakeFiles/CMakeTmp/CheckSymbolExists.c:
/* */
#include <libproc.h>

int main(int argc, char** argv)
{
  (void)argv;
#ifndef proc_pidpath
  return ((int*)(&proc_pidpath))[argc];
#else
  (void)argc;
  return 0;
#endif
}
Determining if files pthread.h;pthread_np.h exist failed with the following output:
Change Dir: /home/smallville7123/AndroidCompositor/app/src/main/jni/GLIS/debug_BUILD/CMakeFiles/CMakeTmp

Run Build Command(s):/usr/bin/make cmTC_53f56/fast && make[2]: Entering directory '/home/smallville7123/AndroidCompositor/app/src/main/jni/GLIS/debug_BUILD/CMakeFiles/CMakeTmp'
/usr/bin/make -f CMakeFiles/cmTC_53f56.dir/build.make CMakeFiles/cmTC_53f56.dir/build
make[3]: Entering directory '/home/smallville7123/AndroidCompositor/app/src/main/jni/GLIS/debug_BUILD/CMakeFiles/CMakeTmp'
Building C object CMakeFiles/cmTC_53f56.dir/HAVE_PTHREAD_NP_H.c.o
/usr/bin/cc   -pthread   -o CMakeFiles/cmTC_53f56.dir/HAVE_PTHREAD_NP_H.c.o   -c /home/smallville7123/AndroidCompositor/app/src/main/jni/GLIS/debug_BUILD/CMakeFiles/CheckIncludeFiles/HAVE_PTHREAD_NP_H.c
/home/smallville7123/AndroidCompositor/app/src/main/jni/GLIS/debug_BUILD/CMakeFiles/CheckIncludeFiles/HAVE_PTHREAD_NP_H.c:3:10: fatal error: pthread_np.h: No such file or directory
    3 | #include <pthread_np.h>
      |          ^~~~~~~~~~~~~~
compilation terminated.
make[3]: *** [CMakeFiles/cmTC_53f56.dir/build.make:66: CMakeFiles/cmTC_53f56.dir/HAVE_PTHREAD_NP_H.c.o] Error 1
make[3]: Leaving directory '/home/smallville7123/AndroidCompositor/app/src/main/jni/GLIS/debug_BUILD/CMakeFiles/CMakeTmp'
make[2]: *** [Makefile:121: cmTC_53f56/fast] Error 2
make[2]: Leaving directory '/home/smallville7123/AndroidCompositor/app/src/main/jni/GLIS/debug_BUILD/CMakeFiles/CMakeTmp'


Source:
/* */
#include <pthread.h>
#include <pthread_np.h>


int main(void){return 0;}

Determining if the pthread_setname_np exist failed with the following output:
Change Dir: /home/smallville7123/AndroidCompositor/app/src/main/jni/GLIS/debug_BUILD/CMakeFiles/CMakeTmp

Run Build Command(s):/usr/bin/make cmTC_a334f/fast && make[2]: Entering directory '/home/smallville7123/AndroidCompositor/app/src/main/jni/GLIS/debug_BUILD/CMakeFiles/CMakeTmp'
/usr/bin/make -f CMakeFiles/cmTC_a334f.dir/build.make CMakeFiles/cmTC_a334f.dir/build
make[3]: Entering directory '/home/smallville7123/AndroidCompositor/app/src/main/jni/GLIS/debug_BUILD/CMakeFiles/CMakeTmp'
Building C object CMakeFiles/cmTC_a334f.dir/CheckSymbolExists.c.o
/usr/bin/cc   -pthread   -o CMakeFiles/cmTC_a334f.dir/CheckSymbolExists.c.o   -c /home/smallville7123/AndroidCompositor/app/src/main/jni/GLIS/debug_BUILD/CMakeFiles/CMakeTmp/CheckSymbolExists.c
/home/smallville7123/AndroidCompositor/app/src/main/jni/GLIS/debug_BUILD/CMakeFiles/CMakeTmp/CheckSymbolExists.c: In function ‘main’:
/home/smallville7123/AndroidCompositor/app/src/main/jni/GLIS/debug_BUILD/CMakeFiles/CMakeTmp/CheckSymbolExists.c:8:19: error: ‘pthread_setname_np’ undeclared (first use in this function); did you mean ‘pthread_setcanceltype’?
    8 |   return ((int*)(&pthread_setname_np))[argc];
      |                   ^~~~~~~~~~~~~~~~~~
      |                   pthread_setcanceltype
/home/smallville7123/AndroidCompositor/app/src/main/jni/GLIS/debug_BUILD/CMakeFiles/CMakeTmp/CheckSymbolExists.c:8:19: note: each undeclared identifier is reported only once for each function it appears in
make[3]: *** [CMakeFiles/cmTC_a334f.dir/build.make:66: CMakeFiles/cmTC_a334f.dir/CheckSymbolExists.c.o] Error 1
make[3]: Leaving directory '/home/smallville7123/AndroidCompositor/app/src/main/jni/GLIS/debug_BUILD/CMakeFiles/CMakeTmp'
make[2]: *** [Makefile:121: cmTC_a334f/fast] Error 2
make[2]: Leaving directory '/home/smallville7123/AndroidCompositor/app/src/main/jni/GLIS/debug_BUILD/CMakeFiles/CMakeTmp'


File /home/smallville7123/AndroidCompositor/app/src/main/jni/GLIS/debug_BUILD/CMakeFiles/CMakeTmp/CheckSymbolExists.c:
/* */
#include <pthread.h>

int main(int argc, char** argv)
{
  (void)argv;
#ifndef pthread_setname_np
  return ((int*)(&pthread_setname_np))[argc];
#else
  (void)argc;
  return 0;
#endif
}
Determining if the pthread_set_name_np exist failed with the following output:
Change Dir: /home/smallville7123/AndroidCompositor/app/src/main/jni/GLIS/debug_BUILD/CMakeFiles/CMakeTmp

Run Build Command(s):/usr/bin/make cmTC_17ae8/fast && make[2]: Entering directory '/home/smallville7123/AndroidCompositor/app/src/main/jni/GLIS/debug_BUILD/CMakeFiles/CMakeTmp'
/usr/bin/make -f CMakeFiles/cmTC_17ae8.dir/build.make CMakeFiles/cmTC_17ae8.dir/build
make[3]: Entering directory '/home/smallville7123/AndroidCompositor/app/src/main/jni/GLIS/debug_BUILD/CMakeFiles/CMakeTmp'
Building C object CMakeFiles/cmTC_17ae8.dir/CheckSymbolExists.c.o
/usr/bin/cc   -pthread   -o CMakeFiles/cmTC_17ae8.dir/CheckSymbolExists.c.o   -c /home/smallville7123/AndroidCompositor/app/src/main/jni/GLIS/debug_BUILD/CMakeFiles/CMakeTmp/CheckSymbolExists.c
/home/smallville7123/AndroidCompositor/app/src/main/jni/GLIS/debug_BUILD/CMakeFiles/CMakeTmp/CheckSymbolExists.c: In function ‘main’:
/home/smallville7123/AndroidCompositor/app/src/main/jni/GLIS/debug_BUILD/CMakeFiles/CMakeTmp/CheckSymbolExists.c:8:19: error: ‘pthread_set_name_np’ undeclared (first use in this function); did you mean ‘pthread_setcanceltype’?
    8 |   return ((int*)(&pthread_set_name_np))[argc];
      |                   ^~~~~~~~~~~~~~~~~~~
      |                   pthread_setcanceltype
/home/smallville7123/AndroidCompositor/app/src/main/jni/GLIS/debug_BUILD/CMakeFiles/CMakeTmp/CheckSymbolExists.c:8:19: note: each undeclared identifier is reported only once for each function it appears in
make[3]: *** [CMakeFiles/cmTC_17ae8.dir/build.make:66: CMakeFiles/cmTC_17ae8.dir/CheckSymbolExists.c.o] Error 1
make[3]: Leaving directory '/home/smallville7123/AndroidCompositor/app/src/main/jni/GLIS/debug_BUILD/CMakeFiles/CMakeTmp'
make[2]: *** [Makefile:121: cmTC_17ae8/fast] Error 2
make[2]: Leaving directory '/home/smallville7123/AndroidCompositor/app/src/main/jni/GLIS/debug_BUILD/CMakeFiles/CMakeTmp'


File /home/smallville7123/AndroidCompositor/app/src/main/jni/GLIS/debug_BUILD/CMakeFiles/CMakeTmp/CheckSymbolExists.c:
/* */
#include <pthread.h>

int main(int argc, char** argv)
{
  (void)argv;
#ifndef pthread_set_name_np
  return ((int*)(&pthread_set_name_np))[argc];
#else
  (void)argc;
  return 0;
#endif
}
